<?xml version="1.0" encoding="UTF-8" ?>
<testsuite tests="15" failures="0" name="org.sow.palindrome.PalindromeTest" time="0.001" errors="0" skipped="0">
  <properties>
[...]
</properties>
  <testcase classname="org.sow.palindrome.PalindromeTest" name="should_return_true_for_an_even_number_of_chars_sentence_that_is_a_palindrome" time="0"/>
  <testcase classname="org.sow.palindrome.PalindromeTest" name="should_return_true_for_a_one_char_sentence" time="0"/>
  <testcase classname="org.sow.palindrome.PalindromeTest" name="should_return_false_for_an_even_number_of_chars_sentence_that_is_not_a_palindrome" time="0"/>
  <testcase classname="org.sow.palindrome.PalindromeTest" name="should_return_false_for_an_even_number_of_chars_sentence_with_spaces_and_mixed_case_that_is_not_a_palindrome" time="0"/>
  <testcase classname="org.sow.palindrome.PalindromeTest" name="should_return_false_for_an_odd_number_of_chars_sentence_that_is_not_a_palindrome" time="0"/>
  <testcase classname="org.sow.palindrome.PalindromeTest" name="should_return_true_for_an_empty_sentence" time="0"/>
  <testcase classname="org.sow.palindrome.PalindromeTest" name="should_return_false_for_an_odd_number_of_chars_sentence_with_spaces_that_is_not_a_palindrome" time="0"/>
  <testcase classname="org.sow.palindrome.PalindromeTest" name="should_return_false_for_a_two_chars_sentence_with_different_letters" time="0"/>
  <testcase classname="org.sow.palindrome.PalindromeTest" name="should_return_true_for_an_odd_number_of_chars_sentence_with_spaces_that_is_a_palindrome" time="0"/>
  <testcase classname="org.sow.palindrome.PalindromeTest" name="should_return_false_for_an_even_number_of_chars_sentence_with_spaces_that_is_not_a_palindrome" time="0"/>
  <testcase classname="org.sow.palindrome.PalindromeTest" name="should_return_true_for_an_odd_number_of_chars_sentence_with_spaces_and_mixed_case_that_is_a_palindrome" time="0"/>
  <testcase classname="org.sow.palindrome.PalindromeTest" name="should_return_true_for_a_two_chars_sentence_with_same_letters" time="0"/>
  <testcase classname="org.sow.palindrome.PalindromeTest" name="should_return_true_for_an_even_number_of_chars_sentence_with_spaces_that_is_a_palindrome" time="0.001"/>
  <testcase classname="org.sow.palindrome.PalindromeTest" name="should_return_false_for_an_odd_number_of_chars_sentence_with_spaces_and_mixed_case_that_is_not_a_palindrome" time="0"/>
  <testcase classname="org.sow.palindrome.PalindromeTest" name="should_return_true_for_an_odd_number_of_chars_sentence_that_is_a_palindrome" time="0"/>
</testsuite>